This file contains any messages produced by compilers while
running configure, to aid debugging if configure makes a mistake.

It was created by MASA-CUDAlign configure 3.9.1.1024, which was
generated by GNU Autoconf 2.69.  Invocation command line was

  $ ./configure --with-cuda-arch=sm_70

## --------- ##
## Platform. ##
## --------- ##

hostname = voltar
uname -m = x86_64
uname -r = 3.10.0-1127.19.1.el7.x86_64
uname -s = Linux
uname -v = #1 SMP Tue Aug 25 17:23:54 UTC 2020

/usr/bin/uname -p = x86_64
/bin/uname -X     = unknown

/bin/arch              = x86_64
/usr/bin/arch -k       = unknown
/usr/convex/getsysinfo = unknown
/usr/bin/hostinfo      = unknown
/bin/machine           = unknown
/usr/bin/oslevel       = unknown
/bin/universe          = unknown

PATH: /packages/gcc/7.3/bin
PATH: /usr/local/bin
PATH: /usr/bin
PATH: /usr/local/sbin
PATH: /usr/sbin


## ----------- ##
## Core tests. ##
## ----------- ##

configure:2327: checking for a BSD-compatible install
configure:2395: result: /usr/bin/install -c
configure:2406: checking whether build environment is sane
configure:2456: result: yes
configure:2597: checking for a thread-safe mkdir -p
configure:2636: result: /usr/bin/mkdir -p
configure:2649: checking for gawk
configure:2665: found /usr/bin/gawk
configure:2676: result: gawk
configure:2687: checking whether make sets $(MAKE)
configure:2709: result: yes
configure:2842: checking for ranlib
configure:2858: found /usr/bin/ranlib
configure:2869: result: ranlib
configure:2956: checking for g++
configure:2972: found /packages/gcc/7.3/bin/g++
configure:2983: result: g++
configure:3010: checking for C++ compiler version
configure:3019: g++ --version >&5
g++ (GCC) 7.3.0
Copyright (C) 2017 Free Software Foundation, Inc.
This is free software; see the source for copying conditions.  There is NO
warranty; not even for MERCHANTABILITY or FITNESS FOR A PARTICULAR PURPOSE.

configure:3030: $? = 0
configure:3019: g++ -v >&5
Using built-in specs.
COLLECT_GCC=g++
COLLECT_LTO_WRAPPER=/storage/packages/gcc/7.3/bin/../libexec/gcc/x86_64-pc-linux-gnu/7.3.0/lto-wrapper
Target: x86_64-pc-linux-gnu
Configured with: ../gcc-7.3.0/configure --prefix=/packages/gcc/7.3 --enable-multilib --enable-shared --enable-static --enable-threads=posix --with-system-zlib --enable-languages=c,c++,objc,obj-c++,fortran,go,lto --with-gmp-include=/packages/gmp/6.1.2/include --with-gmp-lib=/packages/gmp/6.1.2/lib --with-mpfr-include=/packages/mpfr/3.1.6/include --with-mpfr-lib=/packages/mpfr/3.1.6/lib --with-mpc-include=/packages/mpc/1.0.3/include --with-mpc-lib=/packages/mpc/1.0.3/lib --with-isl-include=/packages/isl/0.18/include --with-isl-lib=/packages/isl/0.18/lib --with-cloog-include=/packages/cloog/0.18.4/include --with-cloog-lib=/packages/cloog/0.18.4/lib
Thread model: posix
gcc version 7.3.0 (GCC) 
configure:3030: $? = 0
configure:3019: g++ -V >&5
g++: error: unrecognized command line option '-V'
g++: fatal error: no input files
compilation terminated.
configure:3030: $? = 1
configure:3019: g++ -qversion >&5
g++: error: unrecognized command line option '-qversion'; did you mean '--version'?
g++: fatal error: no input files
compilation terminated.
configure:3030: $? = 1
configure:3050: checking whether the C++ compiler works
configure:3072: g++    conftest.cpp  >&5
configure:3076: $? = 0
configure:3124: result: yes
configure:3127: checking for C++ compiler default output file name
configure:3129: result: a.out
configure:3135: checking for suffix of executables
configure:3142: g++ -o conftest    conftest.cpp  >&5
configure:3146: $? = 0
configure:3168: result: 
configure:3190: checking whether we are cross compiling
configure:3198: g++ -o conftest    conftest.cpp  >&5
configure:3202: $? = 0
configure:3209: ./conftest
configure:3213: $? = 0
configure:3228: result: no
configure:3233: checking for suffix of object files
configure:3255: g++ -c   conftest.cpp >&5
configure:3259: $? = 0
configure:3280: result: o
configure:3284: checking whether we are using the GNU C++ compiler
configure:3303: g++ -c   conftest.cpp >&5
configure:3303: $? = 0
configure:3312: result: yes
configure:3321: checking whether g++ accepts -g
configure:3341: g++ -c -g  conftest.cpp >&5
configure:3341: $? = 0
configure:3382: result: yes
configure:3416: checking for style of include used by make
configure:3444: result: GNU
configure:3470: checking dependency style of g++
configure:3581: result: gcc3
configure:3644: checking for gcc
configure:3660: found /packages/gcc/7.3/bin/gcc
configure:3671: result: gcc
configure:3900: checking for C compiler version
configure:3909: gcc --version >&5
gcc (GCC) 7.3.0
Copyright (C) 2017 Free Software Foundation, Inc.
This is free software; see the source for copying conditions.  There is NO
warranty; not even for MERCHANTABILITY or FITNESS FOR A PARTICULAR PURPOSE.

configure:3920: $? = 0
configure:3909: gcc -v >&5
Using built-in specs.
COLLECT_GCC=gcc
COLLECT_LTO_WRAPPER=/storage/packages/gcc/7.3/bin/../libexec/gcc/x86_64-pc-linux-gnu/7.3.0/lto-wrapper
Target: x86_64-pc-linux-gnu
Configured with: ../gcc-7.3.0/configure --prefix=/packages/gcc/7.3 --enable-multilib --enable-shared --enable-static --enable-threads=posix --with-system-zlib --enable-languages=c,c++,objc,obj-c++,fortran,go,lto --with-gmp-include=/packages/gmp/6.1.2/include --with-gmp-lib=/packages/gmp/6.1.2/lib --with-mpfr-include=/packages/mpfr/3.1.6/include --with-mpfr-lib=/packages/mpfr/3.1.6/lib --with-mpc-include=/packages/mpc/1.0.3/include --with-mpc-lib=/packages/mpc/1.0.3/lib --with-isl-include=/packages/isl/0.18/include --with-isl-lib=/packages/isl/0.18/lib --with-cloog-include=/packages/cloog/0.18.4/include --with-cloog-lib=/packages/cloog/0.18.4/lib
Thread model: posix
gcc version 7.3.0 (GCC) 
configure:3920: $? = 0
configure:3909: gcc -V >&5
gcc: error: unrecognized command line option '-V'
gcc: fatal error: no input files
compilation terminated.
configure:3920: $? = 1
configure:3909: gcc -qversion >&5
gcc: error: unrecognized command line option '-qversion'; did you mean '--version'?
gcc: fatal error: no input files
compilation terminated.
configure:3920: $? = 1
configure:3924: checking whether we are using the GNU C compiler
configure:3943: gcc -c   conftest.c >&5
configure:3943: $? = 0
configure:3952: result: yes
configure:3961: checking whether gcc accepts -g
configure:3981: gcc -c -g  conftest.c >&5
configure:3981: $? = 0
configure:4022: result: yes
configure:4039: checking for gcc option to accept ISO C89
configure:4102: gcc  -c -g -O2  conftest.c >&5
configure:4102: $? = 0
configure:4115: result: none needed
configure:4137: checking dependency style of gcc
configure:4248: result: gcc3
configure:4268: checking how to run the C preprocessor
configure:4299: gcc -E  conftest.c
configure:4299: $? = 0
configure:4313: gcc -E  conftest.c
conftest.c:11:10: fatal error: ac_nonexistent.h: No such file or directory
 #include <ac_nonexistent.h>
          ^~~~~~~~~~~~~~~~~~
compilation terminated.
configure:4313: $? = 1
configure: failed program was:
| /* confdefs.h */
| #define PACKAGE_NAME "MASA-CUDAlign"
| #define PACKAGE_TARNAME "masa-cudalign"
| #define PACKAGE_VERSION "3.9.1.1024"
| #define PACKAGE_STRING "MASA-CUDAlign 3.9.1.1024"
| #define PACKAGE_BUGREPORT "edans.sandes@gmail.com"
| #define PACKAGE_URL "https://github.com/edanssandes/masa-cudalign"
| #define PACKAGE "masa-cudalign"
| #define VERSION "3.9.1.1024"
| /* end confdefs.h.  */
| #include <ac_nonexistent.h>
configure:4338: result: gcc -E
configure:4358: gcc -E  conftest.c
configure:4358: $? = 0
configure:4372: gcc -E  conftest.c
conftest.c:11:10: fatal error: ac_nonexistent.h: No such file or directory
 #include <ac_nonexistent.h>
          ^~~~~~~~~~~~~~~~~~
compilation terminated.
configure:4372: $? = 1
configure: failed program was:
| /* confdefs.h */
| #define PACKAGE_NAME "MASA-CUDAlign"
| #define PACKAGE_TARNAME "masa-cudalign"
| #define PACKAGE_VERSION "3.9.1.1024"
| #define PACKAGE_STRING "MASA-CUDAlign 3.9.1.1024"
| #define PACKAGE_BUGREPORT "edans.sandes@gmail.com"
| #define PACKAGE_URL "https://github.com/edanssandes/masa-cudalign"
| #define PACKAGE "masa-cudalign"
| #define VERSION "3.9.1.1024"
| /* end confdefs.h.  */
| #include <ac_nonexistent.h>
configure:4400: checking whether make sets $(MAKE)
configure:4422: result: yes
configure:4438: checking for grep that handles long lines and -e
configure:4496: result: /usr/bin/grep
configure:4501: checking for egrep
configure:4563: result: /usr/bin/grep -E
configure:4568: checking for ANSI C header files
configure:4588: gcc -c -g -O2  conftest.c >&5
configure:4588: $? = 0
configure:4661: gcc -o conftest -g -O2   conftest.c  >&5
configure:4661: $? = 0
configure:4661: ./conftest
configure:4661: $? = 0
configure:4672: result: yes
configure:4685: checking for sys/types.h
configure:4685: gcc -c -g -O2  conftest.c >&5
configure:4685: $? = 0
configure:4685: result: yes
configure:4685: checking for sys/stat.h
configure:4685: gcc -c -g -O2  conftest.c >&5
configure:4685: $? = 0
configure:4685: result: yes
configure:4685: checking for stdlib.h
configure:4685: gcc -c -g -O2  conftest.c >&5
configure:4685: $? = 0
configure:4685: result: yes
configure:4685: checking for string.h
configure:4685: gcc -c -g -O2  conftest.c >&5
configure:4685: $? = 0
configure:4685: result: yes
configure:4685: checking for memory.h
configure:4685: gcc -c -g -O2  conftest.c >&5
configure:4685: $? = 0
configure:4685: result: yes
configure:4685: checking for strings.h
configure:4685: gcc -c -g -O2  conftest.c >&5
configure:4685: $? = 0
configure:4685: result: yes
configure:4685: checking for inttypes.h
configure:4685: gcc -c -g -O2  conftest.c >&5
configure:4685: $? = 0
configure:4685: result: yes
configure:4685: checking for stdint.h
configure:4685: gcc -c -g -O2  conftest.c >&5
configure:4685: $? = 0
configure:4685: result: yes
configure:4685: checking for unistd.h
configure:4685: gcc -c -g -O2  conftest.c >&5
configure:4685: $? = 0
configure:4685: result: yes
configure:4700: checking arpa/inet.h usability
configure:4700: gcc -c -g -O2  conftest.c >&5
configure:4700: $? = 0
configure:4700: result: yes
configure:4700: checking arpa/inet.h presence
configure:4700: gcc -E  conftest.c
configure:4700: $? = 0
configure:4700: result: yes
configure:4700: checking for arpa/inet.h
configure:4700: result: yes
configure:4700: checking for stdlib.h
configure:4700: result: yes
configure:4700: checking for string.h
configure:4700: result: yes
configure:4700: checking sys/socket.h usability
configure:4700: gcc -c -g -O2  conftest.c >&5
configure:4700: $? = 0
configure:4700: result: yes
configure:4700: checking sys/socket.h presence
configure:4700: gcc -E  conftest.c
configure:4700: $? = 0
configure:4700: result: yes
configure:4700: checking for sys/socket.h
configure:4700: result: yes
configure:4700: checking sys/time.h usability
configure:4700: gcc -c -g -O2  conftest.c >&5
configure:4700: $? = 0
configure:4700: result: yes
configure:4700: checking sys/time.h presence
configure:4700: gcc -E  conftest.c
configure:4700: $? = 0
configure:4700: result: yes
configure:4700: checking for sys/time.h
configure:4700: result: yes
configure:4700: checking for unistd.h
configure:4700: result: yes
configure:4700: checking getopt.h usability
configure:4700: gcc -c -g -O2  conftest.c >&5
configure:4700: $? = 0
configure:4700: result: yes
configure:4700: checking getopt.h presence
configure:4700: gcc -E  conftest.c
configure:4700: $? = 0
configure:4700: result: yes
configure:4700: checking for getopt.h
configure:4700: result: yes
configure:4700: checking errno.h usability
configure:4700: gcc -c -g -O2  conftest.c >&5
configure:4700: $? = 0
configure:4700: result: yes
configure:4700: checking errno.h presence
configure:4700: gcc -E  conftest.c
configure:4700: $? = 0
configure:4700: result: yes
configure:4700: checking for errno.h
configure:4700: result: yes
configure:4700: checking wordexp.h usability
configure:4700: gcc -c -g -O2  conftest.c >&5
configure:4700: $? = 0
configure:4700: result: yes
configure:4700: checking wordexp.h presence
configure:4700: gcc -E  conftest.c
configure:4700: $? = 0
configure:4700: result: yes
configure:4700: checking for wordexp.h
configure:4700: result: yes
configure:4717: checking for stdbool.h that conforms to C99
configure:4784: gcc -c -g -O2  conftest.c >&5
configure:4784: $? = 0
configure:4791: result: yes
configure:4793: checking for _Bool
configure:4793: gcc -c -g -O2  conftest.c >&5
configure:4793: $? = 0
configure:4793: gcc -c -g -O2  conftest.c >&5
conftest.c: In function 'main':
conftest.c:66:20: error: expected expression before ')' token
 if (sizeof ((_Bool)))
                    ^
configure:4793: $? = 1
configure: failed program was:
| /* confdefs.h */
| #define PACKAGE_NAME "MASA-CUDAlign"
| #define PACKAGE_TARNAME "masa-cudalign"
| #define PACKAGE_VERSION "3.9.1.1024"
| #define PACKAGE_STRING "MASA-CUDAlign 3.9.1.1024"
| #define PACKAGE_BUGREPORT "edans.sandes@gmail.com"
| #define PACKAGE_URL "https://github.com/edanssandes/masa-cudalign"
| #define PACKAGE "masa-cudalign"
| #define VERSION "3.9.1.1024"
| #define STDC_HEADERS 1
| #define HAVE_SYS_TYPES_H 1
| #define HAVE_SYS_STAT_H 1
| #define HAVE_STDLIB_H 1
| #define HAVE_STRING_H 1
| #define HAVE_MEMORY_H 1
| #define HAVE_STRINGS_H 1
| #define HAVE_INTTYPES_H 1
| #define HAVE_STDINT_H 1
| #define HAVE_UNISTD_H 1
| #define HAVE_ARPA_INET_H 1
| #define HAVE_STDLIB_H 1
| #define HAVE_STRING_H 1
| #define HAVE_SYS_SOCKET_H 1
| #define HAVE_SYS_TIME_H 1
| #define HAVE_UNISTD_H 1
| #define HAVE_GETOPT_H 1
| #define HAVE_ERRNO_H 1
| #define HAVE_WORDEXP_H 1
| /* end confdefs.h.  */
| #include <stdio.h>
| #ifdef HAVE_SYS_TYPES_H
| # include <sys/types.h>
| #endif
| #ifdef HAVE_SYS_STAT_H
| # include <sys/stat.h>
| #endif
| #ifdef STDC_HEADERS
| # include <stdlib.h>
| # include <stddef.h>
| #else
| # ifdef HAVE_STDLIB_H
| #  include <stdlib.h>
| # endif
| #endif
| #ifdef HAVE_STRING_H
| # if !defined STDC_HEADERS && defined HAVE_MEMORY_H
| #  include <memory.h>
| # endif
| # include <string.h>
| #endif
| #ifdef HAVE_STRINGS_H
| # include <strings.h>
| #endif
| #ifdef HAVE_INTTYPES_H
| # include <inttypes.h>
| #endif
| #ifdef HAVE_STDINT_H
| # include <stdint.h>
| #endif
| #ifdef HAVE_UNISTD_H
| # include <unistd.h>
| #endif
| int
| main ()
| {
| if (sizeof ((_Bool)))
| 	    return 0;
|   ;
|   return 0;
| }
configure:4793: result: yes
configure:4810: checking for inline
configure:4826: gcc -c -g -O2  conftest.c >&5
configure:4826: $? = 0
configure:4834: result: inline
configure:4852: checking for size_t
configure:4852: gcc -c -g -O2  conftest.c >&5
configure:4852: $? = 0
configure:4852: gcc -c -g -O2  conftest.c >&5
conftest.c: In function 'main':
conftest.c:68:21: error: expected expression before ')' token
 if (sizeof ((size_t)))
                     ^
configure:4852: $? = 1
configure: failed program was:
| /* confdefs.h */
| #define PACKAGE_NAME "MASA-CUDAlign"
| #define PACKAGE_TARNAME "masa-cudalign"
| #define PACKAGE_VERSION "3.9.1.1024"
| #define PACKAGE_STRING "MASA-CUDAlign 3.9.1.1024"
| #define PACKAGE_BUGREPORT "edans.sandes@gmail.com"
| #define PACKAGE_URL "https://github.com/edanssandes/masa-cudalign"
| #define PACKAGE "masa-cudalign"
| #define VERSION "3.9.1.1024"
| #define STDC_HEADERS 1
| #define HAVE_SYS_TYPES_H 1
| #define HAVE_SYS_STAT_H 1
| #define HAVE_STDLIB_H 1
| #define HAVE_STRING_H 1
| #define HAVE_MEMORY_H 1
| #define HAVE_STRINGS_H 1
| #define HAVE_INTTYPES_H 1
| #define HAVE_STDINT_H 1
| #define HAVE_UNISTD_H 1
| #define HAVE_ARPA_INET_H 1
| #define HAVE_STDLIB_H 1
| #define HAVE_STRING_H 1
| #define HAVE_SYS_SOCKET_H 1
| #define HAVE_SYS_TIME_H 1
| #define HAVE_UNISTD_H 1
| #define HAVE_GETOPT_H 1
| #define HAVE_ERRNO_H 1
| #define HAVE_WORDEXP_H 1
| #define HAVE__BOOL 1
| #define HAVE_STDBOOL_H 1
| /* end confdefs.h.  */
| #include <stdio.h>
| #ifdef HAVE_SYS_TYPES_H
| # include <sys/types.h>
| #endif
| #ifdef HAVE_SYS_STAT_H
| # include <sys/stat.h>
| #endif
| #ifdef STDC_HEADERS
| # include <stdlib.h>
| # include <stddef.h>
| #else
| # ifdef HAVE_STDLIB_H
| #  include <stdlib.h>
| # endif
| #endif
| #ifdef HAVE_STRING_H
| # if !defined STDC_HEADERS && defined HAVE_MEMORY_H
| #  include <memory.h>
| # endif
| # include <string.h>
| #endif
| #ifdef HAVE_STRINGS_H
| # include <strings.h>
| #endif
| #ifdef HAVE_INTTYPES_H
| # include <inttypes.h>
| #endif
| #ifdef HAVE_STDINT_H
| # include <stdint.h>
| #endif
| #ifdef HAVE_UNISTD_H
| # include <unistd.h>
| #endif
| int
| main ()
| {
| if (sizeof ((size_t)))
| 	    return 0;
|   ;
|   return 0;
| }
configure:4852: result: yes
configure:4868: checking for pid_t
configure:4868: gcc -c -g -O2  conftest.c >&5
configure:4868: $? = 0
configure:4868: gcc -c -g -O2  conftest.c >&5
conftest.c: In function 'main':
conftest.c:68:20: error: expected expression before ')' token
 if (sizeof ((pid_t)))
                    ^
configure:4868: $? = 1
configure: failed program was:
| /* confdefs.h */
| #define PACKAGE_NAME "MASA-CUDAlign"
| #define PACKAGE_TARNAME "masa-cudalign"
| #define PACKAGE_VERSION "3.9.1.1024"
| #define PACKAGE_STRING "MASA-CUDAlign 3.9.1.1024"
| #define PACKAGE_BUGREPORT "edans.sandes@gmail.com"
| #define PACKAGE_URL "https://github.com/edanssandes/masa-cudalign"
| #define PACKAGE "masa-cudalign"
| #define VERSION "3.9.1.1024"
| #define STDC_HEADERS 1
| #define HAVE_SYS_TYPES_H 1
| #define HAVE_SYS_STAT_H 1
| #define HAVE_STDLIB_H 1
| #define HAVE_STRING_H 1
| #define HAVE_MEMORY_H 1
| #define HAVE_STRINGS_H 1
| #define HAVE_INTTYPES_H 1
| #define HAVE_STDINT_H 1
| #define HAVE_UNISTD_H 1
| #define HAVE_ARPA_INET_H 1
| #define HAVE_STDLIB_H 1
| #define HAVE_STRING_H 1
| #define HAVE_SYS_SOCKET_H 1
| #define HAVE_SYS_TIME_H 1
| #define HAVE_UNISTD_H 1
| #define HAVE_GETOPT_H 1
| #define HAVE_ERRNO_H 1
| #define HAVE_WORDEXP_H 1
| #define HAVE__BOOL 1
| #define HAVE_STDBOOL_H 1
| /* end confdefs.h.  */
| #include <stdio.h>
| #ifdef HAVE_SYS_TYPES_H
| # include <sys/types.h>
| #endif
| #ifdef HAVE_SYS_STAT_H
| # include <sys/stat.h>
| #endif
| #ifdef STDC_HEADERS
| # include <stdlib.h>
| # include <stddef.h>
| #else
| # ifdef HAVE_STDLIB_H
| #  include <stdlib.h>
| # endif
| #endif
| #ifdef HAVE_STRING_H
| # if !defined STDC_HEADERS && defined HAVE_MEMORY_H
| #  include <memory.h>
| # endif
| # include <string.h>
| #endif
| #ifdef HAVE_STRINGS_H
| # include <strings.h>
| #endif
| #ifdef HAVE_INTTYPES_H
| # include <inttypes.h>
| #endif
| #ifdef HAVE_STDINT_H
| # include <stdint.h>
| #endif
| #ifdef HAVE_UNISTD_H
| # include <unistd.h>
| #endif
| int
| main ()
| {
| if (sizeof ((pid_t)))
| 	    return 0;
|   ;
|   return 0;
| }
configure:4868: result: yes
configure:4881: checking vfork.h usability
configure:4881: gcc -c -g -O2  conftest.c >&5
conftest.c:65:10: fatal error: vfork.h: No such file or directory
 #include <vfork.h>
          ^~~~~~~~~
compilation terminated.
configure:4881: $? = 1
configure: failed program was:
| /* confdefs.h */
| #define PACKAGE_NAME "MASA-CUDAlign"
| #define PACKAGE_TARNAME "masa-cudalign"
| #define PACKAGE_VERSION "3.9.1.1024"
| #define PACKAGE_STRING "MASA-CUDAlign 3.9.1.1024"
| #define PACKAGE_BUGREPORT "edans.sandes@gmail.com"
| #define PACKAGE_URL "https://github.com/edanssandes/masa-cudalign"
| #define PACKAGE "masa-cudalign"
| #define VERSION "3.9.1.1024"
| #define STDC_HEADERS 1
| #define HAVE_SYS_TYPES_H 1
| #define HAVE_SYS_STAT_H 1
| #define HAVE_STDLIB_H 1
| #define HAVE_STRING_H 1
| #define HAVE_MEMORY_H 1
| #define HAVE_STRINGS_H 1
| #define HAVE_INTTYPES_H 1
| #define HAVE_STDINT_H 1
| #define HAVE_UNISTD_H 1
| #define HAVE_ARPA_INET_H 1
| #define HAVE_STDLIB_H 1
| #define HAVE_STRING_H 1
| #define HAVE_SYS_SOCKET_H 1
| #define HAVE_SYS_TIME_H 1
| #define HAVE_UNISTD_H 1
| #define HAVE_GETOPT_H 1
| #define HAVE_ERRNO_H 1
| #define HAVE_WORDEXP_H 1
| #define HAVE__BOOL 1
| #define HAVE_STDBOOL_H 1
| /* end confdefs.h.  */
| #include <stdio.h>
| #ifdef HAVE_SYS_TYPES_H
| # include <sys/types.h>
| #endif
| #ifdef HAVE_SYS_STAT_H
| # include <sys/stat.h>
| #endif
| #ifdef STDC_HEADERS
| # include <stdlib.h>
| # include <stddef.h>
| #else
| # ifdef HAVE_STDLIB_H
| #  include <stdlib.h>
| # endif
| #endif
| #ifdef HAVE_STRING_H
| # if !defined STDC_HEADERS && defined HAVE_MEMORY_H
| #  include <memory.h>
| # endif
| # include <string.h>
| #endif
| #ifdef HAVE_STRINGS_H
| # include <strings.h>
| #endif
| #ifdef HAVE_INTTYPES_H
| # include <inttypes.h>
| #endif
| #ifdef HAVE_STDINT_H
| # include <stdint.h>
| #endif
| #ifdef HAVE_UNISTD_H
| # include <unistd.h>
| #endif
| #include <vfork.h>
configure:4881: result: no
configure:4881: checking vfork.h presence
configure:4881: gcc -E  conftest.c
conftest.c:32:10: fatal error: vfork.h: No such file or directory
 #include <vfork.h>
          ^~~~~~~~~
compilation terminated.
configure:4881: $? = 1
configure: failed program was:
| /* confdefs.h */
| #define PACKAGE_NAME "MASA-CUDAlign"
| #define PACKAGE_TARNAME "masa-cudalign"
| #define PACKAGE_VERSION "3.9.1.1024"
| #define PACKAGE_STRING "MASA-CUDAlign 3.9.1.1024"
| #define PACKAGE_BUGREPORT "edans.sandes@gmail.com"
| #define PACKAGE_URL "https://github.com/edanssandes/masa-cudalign"
| #define PACKAGE "masa-cudalign"
| #define VERSION "3.9.1.1024"
| #define STDC_HEADERS 1
| #define HAVE_SYS_TYPES_H 1
| #define HAVE_SYS_STAT_H 1
| #define HAVE_STDLIB_H 1
| #define HAVE_STRING_H 1
| #define HAVE_MEMORY_H 1
| #define HAVE_STRINGS_H 1
| #define HAVE_INTTYPES_H 1
| #define HAVE_STDINT_H 1
| #define HAVE_UNISTD_H 1
| #define HAVE_ARPA_INET_H 1
| #define HAVE_STDLIB_H 1
| #define HAVE_STRING_H 1
| #define HAVE_SYS_SOCKET_H 1
| #define HAVE_SYS_TIME_H 1
| #define HAVE_UNISTD_H 1
| #define HAVE_GETOPT_H 1
| #define HAVE_ERRNO_H 1
| #define HAVE_WORDEXP_H 1
| #define HAVE__BOOL 1
| #define HAVE_STDBOOL_H 1
| /* end confdefs.h.  */
| #include <vfork.h>
configure:4881: result: no
configure:4881: checking for vfork.h
configure:4881: result: no
configure:4894: checking for fork
configure:4894: gcc -o conftest -g -O2   conftest.c  >&5
conftest.c:55:6: warning: conflicting types for built-in function 'fork' [-Wbuiltin-declaration-mismatch]
 char fork ();
      ^~~~
configure:4894: $? = 0
configure:4894: result: yes
configure:4894: checking for vfork
configure:4894: gcc -o conftest -g -O2   conftest.c  >&5
configure:4894: $? = 0
configure:4894: result: yes
configure:4904: checking for working fork
configure:4926: gcc -o conftest -g -O2   conftest.c  >&5
configure:4926: $? = 0
configure:4926: ./conftest
configure:4926: $? = 0
configure:4936: result: yes
configure:4957: checking for working vfork
configure:5067: result: yes
configure:5094: checking for stdlib.h
configure:5094: result: yes
configure:5104: checking for GNU libc compatible malloc
configure:5128: gcc -o conftest -g -O2   conftest.c  >&5
configure:5128: $? = 0
configure:5128: ./conftest
configure:5128: $? = 0
configure:5138: result: yes
configure:5162: checking for gettimeofday
configure:5162: gcc -o conftest -g -O2   conftest.c  >&5
configure:5162: $? = 0
configure:5162: result: yes
configure:5162: checking for inet_ntoa
configure:5162: gcc -o conftest -g -O2   conftest.c  >&5
configure:5162: $? = 0
configure:5162: result: yes
configure:5162: checking for memset
configure:5162: gcc -o conftest -g -O2   conftest.c  >&5
conftest.c:63:6: warning: conflicting types for built-in function 'memset' [-Wbuiltin-declaration-mismatch]
 char memset ();
      ^~~~~~
configure:5162: $? = 0
configure:5162: result: yes
configure:5162: checking for mkdir
configure:5162: gcc -o conftest -g -O2   conftest.c  >&5
configure:5162: $? = 0
configure:5162: result: yes
configure:5162: checking for pow
configure:5162: gcc -o conftest -g -O2   conftest.c  >&5
conftest.c:65:6: warning: conflicting types for built-in function 'pow' [-Wbuiltin-declaration-mismatch]
 char pow ();
      ^~~
/tmp/ccwFdDiF.o: In function `main':
/home/users/marcofigueiredo/nvidia_unb/multibp/conftest.c:76: undefined reference to `pow'
collect2: error: ld returned 1 exit status
configure:5162: $? = 1
configure: failed program was:
| /* confdefs.h */
| #define PACKAGE_NAME "MASA-CUDAlign"
| #define PACKAGE_TARNAME "masa-cudalign"
| #define PACKAGE_VERSION "3.9.1.1024"
| #define PACKAGE_STRING "MASA-CUDAlign 3.9.1.1024"
| #define PACKAGE_BUGREPORT "edans.sandes@gmail.com"
| #define PACKAGE_URL "https://github.com/edanssandes/masa-cudalign"
| #define PACKAGE "masa-cudalign"
| #define VERSION "3.9.1.1024"
| #define STDC_HEADERS 1
| #define HAVE_SYS_TYPES_H 1
| #define HAVE_SYS_STAT_H 1
| #define HAVE_STDLIB_H 1
| #define HAVE_STRING_H 1
| #define HAVE_MEMORY_H 1
| #define HAVE_STRINGS_H 1
| #define HAVE_INTTYPES_H 1
| #define HAVE_STDINT_H 1
| #define HAVE_UNISTD_H 1
| #define HAVE_ARPA_INET_H 1
| #define HAVE_STDLIB_H 1
| #define HAVE_STRING_H 1
| #define HAVE_SYS_SOCKET_H 1
| #define HAVE_SYS_TIME_H 1
| #define HAVE_UNISTD_H 1
| #define HAVE_GETOPT_H 1
| #define HAVE_ERRNO_H 1
| #define HAVE_WORDEXP_H 1
| #define HAVE__BOOL 1
| #define HAVE_STDBOOL_H 1
| #define HAVE_FORK 1
| #define HAVE_VFORK 1
| #define HAVE_WORKING_VFORK 1
| #define HAVE_WORKING_FORK 1
| #define HAVE_STDLIB_H 1
| #define HAVE_MALLOC 1
| #define HAVE_GETTIMEOFDAY 1
| #define HAVE_INET_NTOA 1
| #define HAVE_MEMSET 1
| #define HAVE_MKDIR 1
| /* end confdefs.h.  */
| /* Define pow to an innocuous variant, in case <limits.h> declares pow.
|    For example, HP-UX 11i <limits.h> declares gettimeofday.  */
| #define pow innocuous_pow
| 
| /* System header to define __stub macros and hopefully few prototypes,
|     which can conflict with char pow (); below.
|     Prefer <limits.h> to <assert.h> if __STDC__ is defined, since
|     <limits.h> exists even on freestanding compilers.  */
| 
| #ifdef __STDC__
| # include <limits.h>
| #else
| # include <assert.h>
| #endif
| 
| #undef pow
| 
| /* Override any GCC internal prototype to avoid an error.
|    Use char because int might match the return type of a GCC
|    builtin and then its argument prototype would still apply.  */
| #ifdef __cplusplus
| extern "C"
| #endif
| char pow ();
| /* The GNU C library defines this for functions which it implements
|     to always fail with ENOSYS.  Some functions are actually named
|     something starting with __ and the normal name is an alias.  */
| #if defined __stub_pow || defined __stub___pow
| choke me
| #endif
| 
| int
| main ()
| {
| return pow ();
|   ;
|   return 0;
| }
configure:5162: result: no
configure:5162: checking for socket
configure:5162: gcc -o conftest -g -O2   conftest.c  >&5
configure:5162: $? = 0
configure:5162: result: yes
configure:5162: checking for strcasecmp
configure:5162: gcc -o conftest -g -O2   conftest.c  >&5
conftest.c:66:6: warning: conflicting types for built-in function 'strcasecmp' [-Wbuiltin-declaration-mismatch]
 char strcasecmp ();
      ^~~~~~~~~~
configure:5162: $? = 0
configure:5162: result: yes
configure:5245: Enabling 64bit compilation
configure:5290: checking for /usr/local/cuda/lib64/libcudart.so
configure:5304: result: yes
configure:5324: WARNING: if the compilation fails with an unsupported compiler version,
	                  try other g++ compiler version instead
	                  (e.g.  ./configure --enable-compiler-bindir=/usr/bin/g++-4.4)
configure:5343: checking for nvcc
configure:5361: found /usr/local/cuda/bin/nvcc
configure:5373: result: /usr/local/cuda/bin/nvcc
configure:5612: checking for cudaMemcpy in -lcudart
configure:5637: gcc -o conftest -g -O2   -L/usr/local/cuda/lib64 conftest.c -lcudart   >&5
configure:5637: $? = 0
configure:5646: result: yes
configure:5662: checking for cuMemcpy in -lcuda
configure:5687: gcc -o conftest -g -O2   -L/usr/local/cuda/lib64 conftest.c -lcuda  -lcudart  >&5
configure:5687: $? = 0
configure:5696: result: yes
configure:5720: checking cuda_runtime.h usability
configure:5720: gcc -c -g -O2 -I/usr/local/cuda/include conftest.c >&5
configure:5720: $? = 0
configure:5720: result: yes
configure:5720: checking cuda_runtime.h presence
configure:5720: gcc -E -I/usr/local/cuda/include conftest.c
configure:5720: $? = 0
configure:5720: result: yes
configure:5720: checking for cuda_runtime.h
configure:5720: result: yes
configure:5892: creating ./config.status

## ---------------------- ##
## Running config.status. ##
## ---------------------- ##

This file was extended by MASA-CUDAlign config.status 3.9.1.1024, which was
generated by GNU Autoconf 2.69.  Invocation command line was

  CONFIG_FILES    = 
  CONFIG_HEADERS  = 
  CONFIG_LINKS    = 
  CONFIG_COMMANDS = 
  $ ./config.status 

on voltar

config.status:892: creating Makefile
config.status:892: creating src/config.h
config.status:1121: executing depfiles commands
configure:7277: === configuring in libs/masa-core (/home/users/marcofigueiredo/nvidia_unb/multibp/libs/masa-core)
configure:7340: running /bin/sh ./configure --disable-option-checking '--prefix=/usr/local'  '--with-cuda-arch=sm_70' --cache-file=/dev/null --srcdir=.

## ---------------- ##
## Cache variables. ##
## ---------------- ##

ac_cv_c_compiler_gnu=yes
ac_cv_c_inline=inline
ac_cv_cxx_compiler_gnu=yes
ac_cv_env_CCC_set=
ac_cv_env_CCC_value=
ac_cv_env_CC_set=
ac_cv_env_CC_value=
ac_cv_env_CFLAGS_set=
ac_cv_env_CFLAGS_value=
ac_cv_env_CPPFLAGS_set=
ac_cv_env_CPPFLAGS_value=
ac_cv_env_CPP_set=
ac_cv_env_CPP_value=
ac_cv_env_CXXFLAGS_set=
ac_cv_env_CXXFLAGS_value=
ac_cv_env_CXX_set=
ac_cv_env_CXX_value=
ac_cv_env_LDFLAGS_set=
ac_cv_env_LDFLAGS_value=
ac_cv_env_LIBS_set=
ac_cv_env_LIBS_value=
ac_cv_env_build_alias_set=
ac_cv_env_build_alias_value=
ac_cv_env_host_alias_set=
ac_cv_env_host_alias_value=
ac_cv_env_target_alias_set=
ac_cv_env_target_alias_value=
ac_cv_file__usr_local_cuda_lib64_libcudart_so=yes
ac_cv_func_fork=yes
ac_cv_func_fork_works=yes
ac_cv_func_gettimeofday=yes
ac_cv_func_inet_ntoa=yes
ac_cv_func_malloc_0_nonnull=yes
ac_cv_func_memset=yes
ac_cv_func_mkdir=yes
ac_cv_func_pow=no
ac_cv_func_socket=yes
ac_cv_func_strcasecmp=yes
ac_cv_func_vfork=yes
ac_cv_func_vfork_works=yes
ac_cv_header_arpa_inet_h=yes
ac_cv_header_cuda_runtime_h=yes
ac_cv_header_errno_h=yes
ac_cv_header_getopt_h=yes
ac_cv_header_inttypes_h=yes
ac_cv_header_memory_h=yes
ac_cv_header_stdbool_h=yes
ac_cv_header_stdc=yes
ac_cv_header_stdint_h=yes
ac_cv_header_stdlib_h=yes
ac_cv_header_string_h=yes
ac_cv_header_strings_h=yes
ac_cv_header_sys_socket_h=yes
ac_cv_header_sys_stat_h=yes
ac_cv_header_sys_time_h=yes
ac_cv_header_sys_types_h=yes
ac_cv_header_unistd_h=yes
ac_cv_header_vfork_h=no
ac_cv_header_wordexp_h=yes
ac_cv_lib_cuda_cuMemcpy=yes
ac_cv_lib_cudart_cudaMemcpy=yes
ac_cv_objext=o
ac_cv_path_EGREP='/usr/bin/grep -E'
ac_cv_path_GREP=/usr/bin/grep
ac_cv_path_NVCC=/usr/local/cuda/bin/nvcc
ac_cv_path_install='/usr/bin/install -c'
ac_cv_path_mkdir=/usr/bin/mkdir
ac_cv_prog_AWK=gawk
ac_cv_prog_CPP='gcc -E'
ac_cv_prog_ac_ct_CC=gcc
ac_cv_prog_ac_ct_CXX=g++
ac_cv_prog_ac_ct_RANLIB=ranlib
ac_cv_prog_cc_c89=
ac_cv_prog_cc_g=yes
ac_cv_prog_cxx_g=yes
ac_cv_prog_make_make_set=yes
ac_cv_type__Bool=yes
ac_cv_type_pid_t=yes
ac_cv_type_size_t=yes
am_cv_CC_dependencies_compiler_type=gcc3
am_cv_CXX_dependencies_compiler_type=gcc3

## ----------------- ##
## Output variables. ##
## ----------------- ##

ACLOCAL='${SHELL} /home/users/marcofigueiredo/nvidia_unb/multibp/admin/missing --run aclocal-1.11'
AMDEPBACKSLASH='\'
AMDEP_FALSE='#'
AMDEP_TRUE=''
AMTAR='$${TAR-tar}'
AUTOCONF='${SHELL} /home/users/marcofigueiredo/nvidia_unb/multibp/admin/missing --run autoconf'
AUTOHEADER='${SHELL} /home/users/marcofigueiredo/nvidia_unb/multibp/admin/missing --run autoheader'
AUTOMAKE='${SHELL} /home/users/marcofigueiredo/nvidia_unb/multibp/admin/missing --run automake-1.11'
AWK='gawk'
CC='gcc'
CCDEPMODE='depmode=gcc3'
CFLAGS='-g -O2'
COMMONFLAGS='-DUNIX  -DTHREADS_COUNT=128  -m64 -O3 -Ilibs/masa-core/src'
COMPILE_CUDA_FALSE='#'
COMPILE_CUDA_TRUE=''
CPP='gcc -E'
CPPFLAGS=''
CUDA_CFLAGS='-I/usr/local/cuda/include'
CUDA_LIBS='-L/usr/local/cuda/lib64'
CXX='g++'
CXXDEPMODE='depmode=gcc3'
CXXFLAGS=''
CYGPATH_W='echo'
DEFS='-DHAVE_CONFIG_H'
DEPDIR='.deps'
ECHO_C=''
ECHO_N='-n'
ECHO_T=''
EGREP='/usr/bin/grep -E'
EXEEXT=''
GREP='/usr/bin/grep'
INSTALL_DATA='${INSTALL} -m 644'
INSTALL_PROGRAM='${INSTALL}'
INSTALL_SCRIPT='${INSTALL}'
INSTALL_STRIP_PROGRAM='$(install_sh) -c -s'
LDFLAGS=''
LIBMASA_PATH='libs/masa-core'
LIBOBJS=''
LIBS='-lcuda -lcudart '
LTLIBOBJS=''
MAKEINFO='${SHELL} /home/users/marcofigueiredo/nvidia_unb/multibp/admin/missing --run makeinfo'
MKDIR_P='/usr/bin/mkdir -p'
NVCC='/usr/local/cuda/bin/nvcc'
NVCCFLAGS='-I/usr/local/cuda/include   --gpu-architecture=sm_70  '
OBJEXT='o'
PACKAGE='masa-cudalign'
PACKAGE_BUGREPORT='edans.sandes@gmail.com'
PACKAGE_NAME='MASA-CUDAlign'
PACKAGE_STRING='MASA-CUDAlign 3.9.1.1024'
PACKAGE_TARNAME='masa-cudalign'
PACKAGE_URL='https://github.com/edanssandes/masa-cudalign'
PACKAGE_VERSION='3.9.1.1024'
PATH_SEPARATOR=':'
RANLIB='ranlib'
SET_MAKE=''
SHELL='/bin/sh'
STRIP=''
VERSION='3.9.1.1024'
ac_ct_CC='gcc'
ac_ct_CXX='g++'
am__EXEEXT_FALSE=''
am__EXEEXT_TRUE='#'
am__fastdepCC_FALSE='#'
am__fastdepCC_TRUE=''
am__fastdepCXX_FALSE='#'
am__fastdepCXX_TRUE=''
am__include='include'
am__isrc=''
am__leading_dot='.'
am__nodep='_no'
am__quote=''
am__tar='$${TAR-tar} chof - "$$tardir"'
am__untar='$${TAR-tar} xf -'
bindir='${exec_prefix}/bin'
build_alias=''
datadir='${datarootdir}'
datarootdir='${prefix}/share'
docdir='${datarootdir}/doc/${PACKAGE_TARNAME}'
dvidir='${docdir}'
exec_prefix='${prefix}'
host_alias=''
htmldir='${docdir}'
includedir='${prefix}/include'
infodir='${datarootdir}/info'
install_sh='${SHELL} /home/users/marcofigueiredo/nvidia_unb/multibp/admin/install-sh'
libdir='${exec_prefix}/lib'
libexecdir='${exec_prefix}/libexec'
localedir='${datarootdir}/locale'
localstatedir='${prefix}/var'
mandir='${datarootdir}/man'
mkdir_p='/usr/bin/mkdir -p'
oldincludedir='/usr/include'
pdfdir='${docdir}'
prefix='/usr/local'
program_transform_name='s,x,x,'
psdir='${docdir}'
sbindir='${exec_prefix}/sbin'
sharedstatedir='${prefix}/com'
subdirs=' libs/masa-core'
sysconfdir='${prefix}/etc'
target_alias=''

## ----------- ##
## confdefs.h. ##
## ----------- ##

/* confdefs.h */
#define PACKAGE_NAME "MASA-CUDAlign"
#define PACKAGE_TARNAME "masa-cudalign"
#define PACKAGE_VERSION "3.9.1.1024"
#define PACKAGE_STRING "MASA-CUDAlign 3.9.1.1024"
#define PACKAGE_BUGREPORT "edans.sandes@gmail.com"
#define PACKAGE_URL "https://github.com/edanssandes/masa-cudalign"
#define PACKAGE "masa-cudalign"
#define VERSION "3.9.1.1024"
#define STDC_HEADERS 1
#define HAVE_SYS_TYPES_H 1
#define HAVE_SYS_STAT_H 1
#define HAVE_STDLIB_H 1
#define HAVE_STRING_H 1
#define HAVE_MEMORY_H 1
#define HAVE_STRINGS_H 1
#define HAVE_INTTYPES_H 1
#define HAVE_STDINT_H 1
#define HAVE_UNISTD_H 1
#define HAVE_ARPA_INET_H 1
#define HAVE_STDLIB_H 1
#define HAVE_STRING_H 1
#define HAVE_SYS_SOCKET_H 1
#define HAVE_SYS_TIME_H 1
#define HAVE_UNISTD_H 1
#define HAVE_GETOPT_H 1
#define HAVE_ERRNO_H 1
#define HAVE_WORDEXP_H 1
#define HAVE__BOOL 1
#define HAVE_STDBOOL_H 1
#define HAVE_FORK 1
#define HAVE_VFORK 1
#define HAVE_WORKING_VFORK 1
#define HAVE_WORKING_FORK 1
#define HAVE_STDLIB_H 1
#define HAVE_MALLOC 1
#define HAVE_GETTIMEOFDAY 1
#define HAVE_INET_NTOA 1
#define HAVE_MEMSET 1
#define HAVE_MKDIR 1
#define HAVE_SOCKET 1
#define HAVE_STRCASECMP 1
#define COMPILED_CUDA_ARCH "sm_70"
#define HAVE_LIBCUDART 1
#define HAVE_LIBCUDA 1
#define HAVE_CUDA_RUNTIME_H 1

configure: exit 0

## ---------------------- ##
## Running config.status. ##
## ---------------------- ##

This file was extended by MASA-CUDAlign config.status 3.9.1.1024, which was
generated by GNU Autoconf 2.69.  Invocation command line was

  CONFIG_FILES    = 
  CONFIG_HEADERS  = 
  CONFIG_LINKS    = 
  CONFIG_COMMANDS = 
  $ ./config.status Makefile depfiles

on voltar

config.status:892: creating Makefile
config.status:1121: executing depfiles commands
